<?xml version="1.0" encoding="UTF-8"?>
<testng-results ignored="0" total="1" passed="1" failed="0" skipped="0">
  <reporter-output>
  </reporter-output>
  <suite started-at="2024-01-28T21:23:55 IST" name="Default suite" finished-at="2024-01-28T21:24:35 IST" duration-ms="39964">
    <groups>
    </groups>
    <test started-at="2024-01-28T21:23:55 IST" name="Default test" finished-at="2024-01-28T21:24:35 IST" duration-ms="39964">
      <class name="Pract.TestYantra1Test">
        <test-method signature="testYantra1test()[pri:0, instance:Pract.TestYantra1Test@66f57048]" started-at="2024-01-28T21:23:55 IST" name="testYantra1test" finished-at="2024-01-28T21:24:35 IST" duration-ms="39895" status="PASS">
          <reporter-output>
          </reporter-output>
        </test-method> <!-- testYantra1test -->
      </class> <!-- Pract.TestYantra1Test -->
    </test> <!-- Default test -->
  </suite> <!-- Default suite -->
</testng-results>
